# JRE version: OpenJDK Runtime Environment (8.0_112-b06) (build 1.8.0_112-release-b06)
# Java VM: OpenJDK 64-Bit Server VM (25.112-b06 mixed mode windows-amd64 compressed oops)
Heap:
 PSYoungGen      total 321536K, used 34332K [0x00000000e0000000, 0x00000000f8680000, 0x0000000100000000)
  eden space 295936K, 6% used [0x00000000e0000000,0x00000000e1380950,0x00000000f2100000)
  from space 25600K, 56% used [0x00000000f2100000,0x00000000f2f066d0,0x00000000f3a00000)
  to   space 25088K, 0% used [0x00000000f6e00000,0x00000000f6e00000,0x00000000f8680000)
 ParOldGen       total 128000K, used 46737K [0x00000000a0000000, 0x00000000a7d00000, 0x00000000e0000000)
  object space 128000K, 36% used [0x00000000a0000000,0x00000000a2da4790,0x00000000a7d00000)
 Metaspace       used 70876K, capacity 74334K, committed 74456K, reserved 1114112K
  class space    used 9265K, capacity 9934K, committed 9944K, reserved 1048576K
GC Heap History (10 events):
Event: 13.111 GC heap before
{Heap before GC invocations=12 (full 2):
 PSYoungGen      total 197120K, used 190914K [0x00000000e0000000, 0x00000000f1b80000, 0x0000000100000000)
  eden space 183808K, 96% used [0x00000000e0000000,0x00000000ead74a90,0x00000000eb380000)
  from space 13312K, 99% used [0x00000000eb380000,0x00000000ec07be08,0x00000000ec080000)
  to   space 20992K, 0% used [0x00000000f0700000,0x00000000f0700000,0x00000000f1b80000)
 ParOldGen       total 76800K, used 31982K [0x00000000a0000000, 0x00000000a4b00000, 0x00000000e0000000)
  object space 76800K, 41% used [0x00000000a0000000,0x00000000a1f3b9f8,0x00000000a4b00000)
 Metaspace       used 56483K, capacity 58846K, committed 58968K, reserved 1099776K
  class space    used 7694K, capacity 8182K, committed 8280K, reserved 1048576K
Event: 13.158 GC heap after
Heap after GC invocations=12 (full 2):
 PSYoungGen      total 263680K, used 20966K [0x00000000e0000000, 0x00000000f2200000, 0x0000000100000000)
  eden space 242688K, 0% used [0x00000000e0000000,0x00000000e0000000,0x00000000eed00000)
  from space 20992K, 99% used [0x00000000f0700000,0x00000000f1b79880,0x00000000f1b80000)
  to   space 26624K, 0% used [0x00000000eed00000,0x00000000eed00000,0x00000000f0700000)
 ParOldGen       total 76800K, used 39310K [0x00000000a0000000, 0x00000000a4b00000, 0x00000000e0000000)
  object space 76800K, 51% used [0x00000000a0000000,0x00000000a2663af8,0x00000000a4b00000)
 Metaspace       used 56483K, capacity 58846K, committed 58968K, reserved 1099776K
  class space    used 7694K, capacity 8182K, committed 8280K, reserved 1048576K
}
Event: 13.158 GC heap before
{Heap before GC invocations=13 (full 3):
 PSYoungGen      total 263680K, used 20966K [0x00000000e0000000, 0x00000000f2200000, 0x0000000100000000)
  eden space 242688K, 0% used [0x00000000e0000000,0x00000000e0000000,0x00000000eed00000)
  from space 20992K, 99% used [0x00000000f0700000,0x00000000f1b79880,0x00000000f1b80000)
  to   space 26624K, 0% used [0x00000000eed00000,0x00000000eed00000,0x00000000f0700000)
 ParOldGen       total 76800K, used 39310K [0x00000000a0000000, 0x00000000a4b00000, 0x00000000e0000000)
  object space 76800K, 51% used [0x00000000a0000000,0x00000000a2663af8,0x00000000a4b00000)
 Metaspace       used 56483K, capacity 58846K, committed 58968K, reserved 1099776K
  class space    used 7694K, capacity 8182K, committed 8280K, reserved 1048576K
Event: 13.380 GC heap after
Heap after GC invocations=13 (full 3):
 PSYoungGen      total 263680K, used 0K [0x00000000e0000000, 0x00000000f2200000, 0x0000000100000000)
  eden space 242688K, 0% used [0x00000000e0000000,0x00000000e0000000,0x00000000eed00000)
  from space 20992K, 0% used [0x00000000f0700000,0x00000000f0700000,0x00000000f1b80000)
  to   space 26624K, 0% used [0x00000000eed00000,0x00000000eed00000,0x00000000f0700000)
 ParOldGen       total 128000K, used 46713K [0x00000000a0000000, 0x00000000a7d00000, 0x00000000e0000000)
  object space 128000K, 36% used [0x00000000a0000000,0x00000000a2d9e790,0x00000000a7d00000)
 Metaspace       used 56483K, capacity 58846K, committed 58968K, reserved 1099776K
  class space    used 7694K, capacity 8182K, committed 8280K, reserved 1048576K
}
Event: 89.690 GC heap before
{Heap before GC invocations=14 (full 3):
 PSYoungGen      total 263680K, used 242688K [0x00000000e0000000, 0x00000000f2200000, 0x0000000100000000)
  eden space 242688K, 100% used [0x00000000e0000000,0x00000000eed00000,0x00000000eed00000)
  from space 20992K, 0% used [0x00000000f0700000,0x00000000f0700000,0x00000000f1b80000)
  to   space 26624K, 0% used [0x00000000eed00000,0x00000000eed00000,0x00000000f0700000)
 ParOldGen       total 128000K, used 46713K [0x00000000a0000000, 0x00000000a7d00000, 0x00000000e0000000)
  object space 128000K, 36% used [0x00000000a0000000,0x00000000a2d9e790,0x00000000a7d00000)
 Metaspace       used 58813K, capacity 61638K, committed 61784K, reserved 1101824K
  class space    used 7953K, capacity 8494K, committed 8536K, reserved 1048576K
Event: 89.695 GC heap after
Heap after GC invocations=14 (full 3):
 PSYoungGen      total 269312K, used 6339K [0x00000000e0000000, 0x00000000f5d80000, 0x0000000100000000)
  eden space 242688K, 0% used [0x00000000e0000000,0x00000000e0000000,0x00000000eed00000)
  from space 26624K, 23% used [0x00000000eed00000,0x00000000ef330ff0,0x00000000f0700000)
  to   space 26112K, 0% used [0x00000000f4400000,0x00000000f4400000,0x00000000f5d80000)
 ParOldGen       total 128000K, used 46721K [0x00000000a0000000, 0x00000000a7d00000, 0x00000000e0000000)
  object space 128000K, 36% used [0x00000000a0000000,0x00000000a2da0790,0x00000000a7d00000)
 Metaspace       used 58813K, capacity 61638K, committed 61784K, reserved 1101824K
  class space    used 7953K, capacity 8494K, committed 8536K, reserved 1048576K
}
Event: 212.192 GC heap before
{Heap before GC invocations=15 (full 3):
 PSYoungGen      total 269312K, used 248999K [0x00000000e0000000, 0x00000000f5d80000, 0x0000000100000000)
  eden space 242688K, 99% used [0x00000000e0000000,0x00000000eecf8da8,0x00000000eed00000)
  from space 26624K, 23% used [0x00000000eed00000,0x00000000ef330ff0,0x00000000f0700000)
  to   space 26112K, 0% used [0x00000000f4400000,0x00000000f4400000,0x00000000f5d80000)
 ParOldGen       total 128000K, used 46721K [0x00000000a0000000, 0x00000000a7d00000, 0x00000000e0000000)
  object space 128000K, 36% used [0x00000000a0000000,0x00000000a2da0790,0x00000000a7d00000)
 Metaspace       used 59861K, capacity 63026K, committed 63192K, reserved 1103872K
  class space    used 8016K, capacity 8580K, committed 8664K, reserved 1048576K
Event: 212.282 GC heap after
Heap after GC invocations=15 (full 3):
 PSYoungGen      total 311296K, used 6464K [0x00000000e0000000, 0x00000000f5300000, 0x0000000100000000)
  eden space 295936K, 0% used [0x00000000e0000000,0x00000000e0000000,0x00000000f2100000)
  from space 15360K, 42% used [0x00000000f4400000,0x00000000f4a500a0,0x00000000f5300000)
  to   space 25600K, 0% used [0x00000000f2100000,0x00000000f2100000,0x00000000f3a00000)
 ParOldGen       total 128000K, used 46729K [0x00000000a0000000, 0x00000000a7d00000, 0x00000000e0000000)
  object space 128000K, 36% used [0x00000000a0000000,0x00000000a2da2790,0x00000000a7d00000)
 Metaspace       used 59861K, capacity 63026K, committed 63192K, reserved 1103872K
  class space    used 8016K, capacity 8580K, committed 8664K, reserved 1048576K
}
Event: 321.197 GC heap before
{Heap before GC invocations=16 (full 3):
 PSYoungGen      total 311296K, used 302400K [0x00000000e0000000, 0x00000000f5300000, 0x0000000100000000)
  eden space 295936K, 100% used [0x00000000e0000000,0x00000000f2100000,0x00000000f2100000)
  from space 15360K, 42% used [0x00000000f4400000,0x00000000f4a500a0,0x00000000f5300000)
  to   space 25600K, 0% used [0x00000000f2100000,0x00000000f2100000,0x00000000f3a00000)
 ParOldGen       total 128000K, used 46729K [0x00000000a0000000, 0x00000000a7d00000, 0x00000000e0000000)
  object space 128000K, 36% used [0x00000000a0000000,0x00000000a2da2790,0x00000000a7d00000)
 Metaspace       used 70792K, capacity 74228K, committed 74456K, reserved 1114112K
  class space    used 9256K, capacity 9917K, committed 9944K, reserved 1048576K
Event: 321.214 GC heap after
Heap after GC invocations=16 (full 3):
 PSYoungGen      total 321536K, used 14361K [0x00000000e0000000, 0x00000000f8680000, 0x0000000100000000)
  eden space 295936K, 0% used [0x00000000e0000000,0x00000000e0000000,0x00000000f2100000)
  from space 25600K, 56% used [0x00000000f2100000,0x00000000f2f066d0,0x00000000f3a00000)
  to   space 25088K, 0% used [0x00000000f6e00000,0x00000000f6e00000,0x00000000f8680000)
 ParOldGen       total 128000K, used 46737K [0x00000000a0000000, 0x00000000a7d00000, 0x00000000e0000000)
  object space 128000K, 36% used [0x00000000a0000000,0x00000000a2da4790,0x00000000a7d00000)
 Metaspace       used 70792K, capacity 74228K, committed 74456K, reserved 1114112K
  class space    used 9256K, capacity 9917K, committed 9944K, reserved 1048576K
}

