# JRE version: OpenJDK Runtime Environment (8.0_112-b06) (build 1.8.0_112-release-b06)
# Java VM: OpenJDK 64-Bit Server VM (25.112-b06 mixed mode windows-amd64 compressed oops)
Heap:
 PSYoungGen      total 408576K, used 202416K [0x00000000e0000000, 0x00000000fb400000, 0x0000000100000000)
  eden space 385024K, 52% used [0x00000000e0000000,0x00000000ec5ac1b0,0x00000000f7800000)
  from space 23552K, 0% used [0x00000000f9d00000,0x00000000f9d00000,0x00000000fb400000)
  to   space 30208K, 0% used [0x00000000f7900000,0x00000000f7900000,0x00000000f9680000)
 ParOldGen       total 116224K, used 45104K [0x00000000a0000000, 0x00000000a7180000, 0x00000000e0000000)
  object space 116224K, 38% used [0x00000000a0000000,0x00000000a2c0c0a0,0x00000000a7180000)
 Metaspace       used 58536K, capacity 61256K, committed 61528K, reserved 1101824K
  class space    used 7944K, capacity 8512K, committed 8536K, reserved 1048576K
GC Heap History (10 events):
Event: 6.509 GC heap before
{Heap before GC invocations=7 (full 2):
 PSYoungGen      total 138240K, used 5092K [0x00000000e0000000, 0x00000000efa80000, 0x0000000100000000)
  eden space 133120K, 0% used [0x00000000e0000000,0x00000000e0000000,0x00000000e8200000)
  from space 5120K, 99% used [0x00000000e8200000,0x00000000e86f9030,0x00000000e8700000)
  to   space 15360K, 0% used [0x00000000eeb80000,0x00000000eeb80000,0x00000000efa80000)
 ParOldGen       total 57856K, used 23275K [0x00000000a0000000, 0x00000000a3880000, 0x00000000e0000000)
  object space 57856K, 40% used [0x00000000a0000000,0x00000000a16bafc8,0x00000000a3880000)
 Metaspace       used 34570K, capacity 35276K, committed 35416K, reserved 1079296K
  class space    used 4669K, capacity 4887K, committed 4952K, reserved 1048576K
Event: 6.552 GC heap after
Heap after GC invocations=7 (full 2):
 PSYoungGen      total 138240K, used 0K [0x00000000e0000000, 0x00000000efa80000, 0x0000000100000000)
  eden space 133120K, 0% used [0x00000000e0000000,0x00000000e0000000,0x00000000e8200000)
  from space 5120K, 0% used [0x00000000e8200000,0x00000000e8200000,0x00000000e8700000)
  to   space 15360K, 0% used [0x00000000eeb80000,0x00000000eeb80000,0x00000000efa80000)
 ParOldGen       total 73216K, used 18977K [0x00000000a0000000, 0x00000000a4780000, 0x00000000e0000000)
  object space 73216K, 25% used [0x00000000a0000000,0x00000000a1288738,0x00000000a4780000)
 Metaspace       used 34570K, capacity 35276K, committed 35416K, reserved 1079296K
  class space    used 4669K, capacity 4887K, committed 4952K, reserved 1048576K
}
Event: 7.240 GC heap before
{Heap before GC invocations=8 (full 2):
 PSYoungGen      total 138240K, used 133120K [0x00000000e0000000, 0x00000000efa80000, 0x0000000100000000)
  eden space 133120K, 100% used [0x00000000e0000000,0x00000000e8200000,0x00000000e8200000)
  from space 5120K, 0% used [0x00000000e8200000,0x00000000e8200000,0x00000000e8700000)
  to   space 15360K, 0% used [0x00000000eeb80000,0x00000000eeb80000,0x00000000efa80000)
 ParOldGen       total 73216K, used 18977K [0x00000000a0000000, 0x00000000a4780000, 0x00000000e0000000)
  object space 73216K, 25% used [0x00000000a0000000,0x00000000a1288738,0x00000000a4780000)
 Metaspace       used 42884K, capacity 43836K, committed 43992K, reserved 1087488K
  class space    used 5784K, capacity 6028K, committed 6104K, reserved 1048576K
Event: 7.259 GC heap after
Heap after GC invocations=8 (full 2):
 PSYoungGen      total 240640K, used 11884K [0x00000000e0000000, 0x00000000f0800000, 0x0000000100000000)
  eden space 225280K, 0% used [0x00000000e0000000,0x00000000e0000000,0x00000000edc00000)
  from space 15360K, 77% used [0x00000000eeb80000,0x00000000ef71b108,0x00000000efa80000)
  to   space 15872K, 0% used [0x00000000edc00000,0x00000000edc00000,0x00000000eeb80000)
 ParOldGen       total 73216K, used 18985K [0x00000000a0000000, 0x00000000a4780000, 0x00000000e0000000)
  object space 73216K, 25% used [0x00000000a0000000,0x00000000a128a738,0x00000000a4780000)
 Metaspace       used 42884K, capacity 43836K, committed 43992K, reserved 1087488K
  class space    used 5784K, capacity 6028K, committed 6104K, reserved 1048576K
}
Event: 8.950 GC heap before
{Heap before GC invocations=9 (full 2):
 PSYoungGen      total 240640K, used 237164K [0x00000000e0000000, 0x00000000f0800000, 0x0000000100000000)
  eden space 225280K, 100% used [0x00000000e0000000,0x00000000edc00000,0x00000000edc00000)
  from space 15360K, 77% used [0x00000000eeb80000,0x00000000ef71b108,0x00000000efa80000)
  to   space 15872K, 0% used [0x00000000edc00000,0x00000000edc00000,0x00000000eeb80000)
 ParOldGen       total 73216K, used 18985K [0x00000000a0000000, 0x00000000a4780000, 0x00000000e0000000)
  object space 73216K, 25% used [0x00000000a0000000,0x00000000a128a738,0x00000000a4780000)
 Metaspace       used 53248K, capacity 55450K, committed 55640K, reserved 1097728K
  class space    used 7301K, capacity 7746K, committed 7768K, reserved 1048576K
Event: 8.975 GC heap after
Heap after GC invocations=9 (full 2):
 PSYoungGen      total 241152K, used 15840K [0x00000000e0000000, 0x00000000fb800000, 0x0000000100000000)
  eden space 225280K, 0% used [0x00000000e0000000,0x00000000e0000000,0x00000000edc00000)
  from space 15872K, 99% used [0x00000000edc00000,0x00000000eeb78038,0x00000000eeb80000)
  to   space 27648K, 0% used [0x00000000f9d00000,0x00000000f9d00000,0x00000000fb800000)
 ParOldGen       total 73216K, used 37170K [0x00000000a0000000, 0x00000000a4780000, 0x00000000e0000000)
  object space 73216K, 50% used [0x00000000a0000000,0x00000000a244c970,0x00000000a4780000)
 Metaspace       used 53248K, capacity 55450K, committed 55640K, reserved 1097728K
  class space    used 7301K, capacity 7746K, committed 7768K, reserved 1048576K
}
Event: 12.155 GC heap before
{Heap before GC invocations=10 (full 2):
 PSYoungGen      total 241152K, used 142901K [0x00000000e0000000, 0x00000000fb800000, 0x0000000100000000)
  eden space 225280K, 56% used [0x00000000e0000000,0x00000000e7c154a0,0x00000000edc00000)
  from space 15872K, 99% used [0x00000000edc00000,0x00000000eeb78038,0x00000000eeb80000)
  to   space 27648K, 0% used [0x00000000f9d00000,0x00000000f9d00000,0x00000000fb800000)
 ParOldGen       total 73216K, used 37170K [0x00000000a0000000, 0x00000000a4780000, 0x00000000e0000000)
  object space 73216K, 50% used [0x00000000a0000000,0x00000000a244c970,0x00000000a4780000)
 Metaspace       used 56619K, capacity 58850K, committed 58968K, reserved 1099776K
  class space    used 7710K, capacity 8182K, committed 8280K, reserved 1048576K
Event: 12.185 GC heap after
Heap after GC invocations=10 (full 2):
 PSYoungGen      total 408576K, used 23234K [0x00000000e0000000, 0x00000000fb400000, 0x0000000100000000)
  eden space 385024K, 0% used [0x00000000e0000000,0x00000000e0000000,0x00000000f7800000)
  from space 23552K, 98% used [0x00000000f9d00000,0x00000000fb3b0900,0x00000000fb400000)
  to   space 30208K, 0% used [0x00000000f7900000,0x00000000f7900000,0x00000000f9680000)
 ParOldGen       total 73216K, used 37178K [0x00000000a0000000, 0x00000000a4780000, 0x00000000e0000000)
  object space 73216K, 50% used [0x00000000a0000000,0x00000000a244e970,0x00000000a4780000)
 Metaspace       used 56619K, capacity 58850K, committed 58968K, reserved 1099776K
  class space    used 7710K, capacity 8182K, committed 8280K, reserved 1048576K
}
Event: 12.185 GC heap before
{Heap before GC invocations=11 (full 3):
 PSYoungGen      total 408576K, used 23234K [0x00000000e0000000, 0x00000000fb400000, 0x0000000100000000)
  eden space 385024K, 0% used [0x00000000e0000000,0x00000000e0000000,0x00000000f7800000)
  from space 23552K, 98% used [0x00000000f9d00000,0x00000000fb3b0900,0x00000000fb400000)
  to   space 30208K, 0% used [0x00000000f7900000,0x00000000f7900000,0x00000000f9680000)
 ParOldGen       total 73216K, used 37178K [0x00000000a0000000, 0x00000000a4780000, 0x00000000e0000000)
  object space 73216K, 50% used [0x00000000a0000000,0x00000000a244e970,0x00000000a4780000)
 Metaspace       used 56619K, capacity 58850K, committed 58968K, reserved 1099776K
  class space    used 7710K, capacity 8182K, committed 8280K, reserved 1048576K
Event: 12.431 GC heap after
Heap after GC invocations=11 (full 3):
 PSYoungGen      total 408576K, used 0K [0x00000000e0000000, 0x00000000fb400000, 0x0000000100000000)
  eden space 385024K, 0% used [0x00000000e0000000,0x00000000e0000000,0x00000000f7800000)
  from space 23552K, 0% used [0x00000000f9d00000,0x00000000f9d00000,0x00000000fb400000)
  to   space 30208K, 0% used [0x00000000f7900000,0x00000000f7900000,0x00000000f9680000)
 ParOldGen       total 116224K, used 45104K [0x00000000a0000000, 0x00000000a7180000, 0x00000000e0000000)
  object space 116224K, 38% used [0x00000000a0000000,0x00000000a2c0c0a0,0x00000000a7180000)
 Metaspace       used 56619K, capacity 58850K, committed 58968K, reserved 1099776K
  class space    used 7710K, capacity 8182K, committed 8280K, reserved 1048576K
}

